[0620/143505.579:ERROR:process_reader_win.cc(151)] SuspendThread: Access is denied. (0x5)
[0620/143505.580:ERROR:exception_snapshot_win.cc(98)] thread ID 9256 not found in process
[0620/143505.610:ERROR:process_memory_win.cc(73)] ReadMemory at 0x7ff6a3760000 of 64 bytes failed: Only part of a ReadProcessMemory or WriteProcessMemory request was completed. (0x12B)
[0620/143505.610:WARNING:pe_image_reader.cc(340)] could not read dos header from C:\Program Files (x86)\Google\Chrome\Application\chrome.exe
[0620/143505.610:ERROR:process_memory_win.cc(73)] ReadMemory at 0x7ff95d0a0000 of 64 bytes failed: Only part of a ReadProcessMemory or WriteProcessMemory request was completed. (0x12B)
[0620/143505.610:WARNING:pe_image_reader.cc(340)] could not read dos header from C:\WINDOWS\SYSTEM32\ntdll.dll
[0620/143505.610:ERROR:process_memory_win.cc(73)] ReadMemory at 0x7ff95c720000 of 64 bytes failed: Only part of a ReadProcessMemory or WriteProcessMemory request was completed. (0x12B)
[0620/143505.610:WARNING:pe_image_reader.cc(340)] could not read dos header from C:\WINDOWS\System32\KERNEL32.DLL
[0620/143505.610:ERROR:process_memory_win.cc(73)] ReadMemory at 0x7ff95ad80000 of 64 bytes failed: Only part of a ReadProcessMemory or WriteProcessMemory request was completed. (0x12B)
[0620/143505.610:WARNING:pe_image_reader.cc(340)] could not read dos header from C:\WINDOWS\System32\KERNELBASE.dll
[0620/143505.610:ERROR:process_memory_win.cc(73)] ReadMemory at 0x7ff8f0580000 of 64 bytes failed: Only part of a ReadProcessMemory or WriteProcessMemory request was completed. (0x12B)
[0620/143505.610:WARNING:pe_image_reader.cc(340)] could not read dos header from C:\Program Files (x86)\Google\Chrome\Application\83.0.4103.106\chrome_elf.dll
[0620/143505.610:ERROR:process_memory_win.cc(73)] ReadMemory at 0x7ff958040000 of 64 bytes failed: Only part of a ReadProcessMemory or WriteProcessMemory request was completed. (0x12B)
[0620/143505.610:WARNING:pe_image_reader.cc(340)] could not read dos header from C:\WINDOWS\SYSTEM32\VERSION.dll
[0620/143505.610:ERROR:process_memory_win.cc(73)] ReadMemory at 0x7ff95b220000 of 64 bytes failed: Only part of a ReadProcessMemory or WriteProcessMemory request was completed. (0x12B)
[0620/143505.610:WARNING:pe_image_reader.cc(340)] could not read dos header from C:\WINDOWS\System32\msvcrt.dll
[0620/143505.610:ERROR:process_memory_win.cc(73)] ReadMemory at 0x7ff95acd0000 of 64 bytes failed: Only part of a ReadProcessMemory or WriteProcessMemory request was completed. (0x12B)
[0620/143505.610:WARNING:pe_image_reader.cc(340)] could not read dos header from C:\WINDOWS\System32\bcryptPrimitives.dll
[0620/143505.610:ERROR:process_memory_win.cc(73)] ReadMemory at 0x7ff95cd80000 of 64 bytes failed: Only part of a ReadProcessMemory or WriteProcessMemory request was completed. (0x12B)
[0620/143505.610:WARNING:pe_image_reader.cc(340)] could not read dos header from C:\WINDOWS\System32\ADVAPI32.dll
[0620/143505.610:ERROR:process_memory_win.cc(73)] ReadMemory at 0x7ff95cbe0000 of 64 bytes failed: Only part of a ReadProcessMemory or WriteProcessMemory request was completed. (0x12B)
[0620/143505.610:WARNING:pe_image_reader.cc(340)] could not read dos header from C:\WINDOWS\System32\sechost.dll
[0620/143505.610:ERROR:process_memory_win.cc(73)] ReadMemory at 0x7ff95cac0000 of 64 bytes failed: Only part of a ReadProcessMemory or WriteProcessMemory request was completed. (0x12B)
[0620/143505.610:WARNING:pe_image_reader.cc(340)] could not read dos header from C:\WINDOWS\System32\RPCRT4.dll
[0620/143505.610:ERROR:process_memory_win.cc(73)] ReadMemory at 0x7ff8e0e40000 of 64 bytes failed: Only part of a ReadProcessMemory or WriteProcessMemory request was completed. (0x12B)
[0620/143505.610:WARNING:pe_image_reader.cc(340)] could not read dos header from C:\Program Files (x86)\Google\Chrome\Application\83.0.4103.106\chrome.dll
[0620/143505.610:ERROR:process_memory_win.cc(73)] ReadMemory at 0x7ff95cf20000 of 64 bytes failed: Only part of a ReadProcessMemory or WriteProcessMemory request was completed. (0x12B)
[0620/143505.610:WARNING:pe_image_reader.cc(340)] could not read dos header from C:\WINDOWS\System32\WS2_32.dll
[0620/143505.610:ERROR:process_memory_win.cc(73)] ReadMemory at 0x7ff95cf90000 of 64 bytes failed: Only part of a ReadProcessMemory or WriteProcessMemory request was completed. (0x12B)
[0620/143505.610:WARNING:pe_image_reader.cc(340)] could not read dos header from C:\WINDOWS\System32\OLEAUT32.dll
[0620/143505.611:ERROR:process_memory_win.cc(73)] ReadMemory at 0x7ff95ac30000 of 64 bytes failed: Only part of a ReadProcessMemory or WriteProcessMemory request was completed. (0x12B)
[0620/143505.611:WARNING:pe_image_reader.cc(340)] could not read dos header from C:\WINDOWS\System32\msvcp_win.dll
[0620/143505.611:ERROR:process_memory_win.cc(73)] ReadMemory at 0x7ff95b050000 of 64 bytes failed: Only part of a ReadProcessMemory or WriteProcessMemory request was completed. (0x12B)
[0620/143505.611:WARNING:pe_image_reader.cc(340)] could not read dos header from C:\WINDOWS\System32\ucrtbase.dll
[0620/143505.611:ERROR:process_memory_win.cc(73)] ReadMemory at 0x7ff95bcc0000 of 64 bytes failed: Only part of a ReadProcessMemory or WriteProcessMemory request was completed. (0x12B)
[0620/143505.611:WARNING:pe_image_reader.cc(340)] could not read dos header from C:\WINDOWS\System32\combase.dll
[0620/143505.611:ERROR:process_memory_win.cc(73)] ReadMemory at 0x7ff95a0b0000 of 64 bytes failed: Only part of a ReadProcessMemory or WriteProcessMemory request was completed. (0x12B)
[0620/143505.611:WARNING:pe_image_reader.cc(340)] could not read dos header from C:\WINDOWS\System32\WINTRUST.dll
[0620/143505.611:ERROR:process_memory_win.cc(73)] ReadMemory at 0x7ff959fc0000 of 64 bytes failed: Only part of a ReadProcessMemory or WriteProcessMemory request was completed. (0x12B)
[0620/143505.611:WARNING:pe_image_reader.cc(340)] could not read dos header from C:\WINDOWS\System32\MSASN1.dll
[0620/143505.611:ERROR:process_memory_win.cc(73)] ReadMemory at 0x7ff95a110000 of 64 bytes failed: Only part of a ReadProcessMemory or WriteProcessMemory request was completed. (0x12B)
[0620/143505.611:WARNING:pe_image_reader.cc(340)] could not read dos header from C:\WINDOWS\System32\CRYPT32.dll
[0620/143505.611:ERROR:process_memory_win.cc(73)] ReadMemory at 0x7ff958e60000 of 64 bytes failed: Only part of a ReadProcessMemory or WriteProcessMemory request was completed. (0x12B)
[0620/143505.611:WARNING:pe_image_reader.cc(340)] could not read dos header from C:\WINDOWS\SYSTEM32\IPHLPAPI.DLL
[0620/143505.611:ERROR:process_memory_win.cc(73)] ReadMemory at 0x7ff955d30000 of 64 bytes failed: Only part of a ReadProcessMemory or WriteProcessMemory request was completed. (0x12B)
[0620/143505.611:WARNING:pe_image_reader.cc(340)] could not read dos header from C:\WINDOWS\SYSTEM32\WINMM.dll
[0620/143505.611:ERROR:process_memory_win.cc(73)] ReadMemory at 0x7ff9580b0000 of 64 bytes failed: Only part of a ReadProcessMemory or WriteProcessMemory request was completed. (0x12B)
[0620/143505.611:WARNING:pe_image_reader.cc(340)] could not read dos header from C:\WINDOWS\SYSTEM32\Secur32.dll
[0620/143505.611:ERROR:process_memory_win.cc(73)] ReadMemory at 0x7ff959e80000 of 64 bytes failed: Only part of a ReadProcessMemory or WriteProcessMemory request was completed. (0x12B)
[0620/143505.611:WARNING:pe_image_reader.cc(340)] could not read dos header from C:\WINDOWS\SYSTEM32\USERENV.dll
[0620/143505.611:ERROR:process_memory_win.cc(73)] ReadMemory at 0x7ff959f90000 of 64 bytes failed: Only part of a ReadProcessMemory or WriteProcessMemory request was completed. (0x12B)
[0620/143505.611:WARNING:pe_image_reader.cc(340)] could not read dos header from C:\WINDOWS\System32\profapi.dll
[0620/143505.611:ERROR:process_memory_win.cc(73)] ReadMemory at 0x7ff932ab0000 of 64 bytes failed: Only part of a ReadProcessMemory or WriteProcessMemory request was completed. (0x12B)
[0620/143505.611:WARNING:pe_image_reader.cc(340)] could not read dos header from C:\WINDOWS\SYSTEM32\UIAutomationCore.DLL
[0620/143505.611:ERROR:process_memory_win.cc(73)] ReadMemory at 0x7ff944cc0000 of 64 bytes failed: Only part of a ReadProcessMemory or WriteProcessMemory request was completed. (0x12B)
[0620/143505.611:WARNING:pe_image_reader.cc(340)] could not read dos header from C:\WINDOWS\SYSTEM32\DWrite.dll
[0620/143505.611:ERROR:process_memory_win.cc(73)] ReadMemory at 0x7ff947540000 of 64 bytes failed: Only part of a ReadProcessMemory or WriteProcessMemory request was completed. (0x12B)
[0620/143505.611:WARNING:pe_image_reader.cc(340)] could not read dos header from C:\WINDOWS\SYSTEM32\WINSPOOL.DRV
[0620/143505.611:ERROR:process_memory_win.cc(73)] ReadMemory at 0x7ff959f70000 of 64 bytes failed: Only part of a ReadProcessMemory or WriteProcessMemory request was completed. (0x12B)
[0620/143505.611:WARNING:pe_image_reader.cc(340)] could not read dos header from C:\WINDOWS\System32\kernel.appcore.dll
[0620/143505.611:ERROR:process_memory_win.cc(73)] ReadMemory at 0x7ff95ad50000 of 64 bytes failed: Only part of a ReadProcessMemory or WriteProcessMemory request was completed. (0x12B)
[0620/143505.611:WARNING:pe_image_reader.cc(340)] could not read dos header from C:\WINDOWS\System32\bcrypt.dll
[0620/143505.611:ERROR:process_memory_win.cc(73)] ReadMemory at 0x7ff959a80000 of 64 bytes failed: Only part of a ReadProcessMemory or WriteProcessMemory request was completed. (0x12B)
[0620/143505.611:WARNING:pe_image_reader.cc(340)] could not read dos header from C:\WINDOWS\SYSTEM32\dbghelp.dll
[0620/143505.611:ERROR:process_memory_win.cc(73)] ReadMemory at 0x7ff954ba0000 of 64 bytes failed: Only part of a ReadProcessMemory or WriteProcessMemory request was completed. (0x12B)
[0620/143505.611:WARNING:pe_image_reader.cc(340)] could not read dos header from C:\WINDOWS\SYSTEM32\WINHTTP.dll
[0620/143505.611:ERROR:process_memory_win.cc(73)] ReadMemory at 0x7ff94db70000 of 64 bytes failed: Only part of a ReadProcessMemory or WriteProcessMemory request was completed. (0x12B)
[0620/143505.611:WARNING:pe_image_reader.cc(340)] could not read dos header from C:\WINDOWS\SYSTEM32\dhcpcsvc.DLL
[0620/143505.611:ERROR:process_memory_win.cc(73)] ReadMemory at 0x7ff95c8c0000 of 64 bytes failed: Only part of a ReadProcessMemory or WriteProcessMemory request was completed. (0x12B)
[0620/143505.611:WARNING:pe_image_reader.cc(340)] could not read dos header from C:\WINDOWS\System32\NSI.dll
[0620/143505.611:ERROR:process_memory_win.cc(73)] ReadMemory at 0x7ff955d00000 of 64 bytes failed: Only part of a ReadProcessMemory or WriteProcessMemory request was completed. (0x12B)
[0620/143505.611:WARNING:pe_image_reader.cc(340)] could not read dos header from C:\WINDOWS\SYSTEM32\WINMMBASE.dll
[0620/143505.611:ERROR:process_memory_win.cc(73)] ReadMemory at 0x7ff95a030000 of 64 bytes failed: Only part of a ReadProcessMemory or WriteProcessMemory request was completed. (0x12B)
[0620/143505.611:WARNING:pe_image_reader.cc(340)] could not read dos header from C:\WINDOWS\System32\cfgmgr32.dll
[0620/143505.611:ERROR:process_memory_win.cc(73)] ReadMemory at 0x7ff955a20000 of 64 bytes failed: Only part of a ReadProcessMemory or WriteProcessMemory request was completed. (0x12B)
[0620/143505.611:WARNING:pe_image_reader.cc(340)] could not read dos header from C:\WINDOWS\SYSTEM32\PROPSYS.dll
[0620/143505.611:ERROR:process_memory_win.cc(73)] ReadMemory at 0x7ff95ccd0000 of 64 bytes failed: Only part of a ReadProcessMemory or WriteProcessMemory request was completed. (0x12B)
[0620/143505.611:WARNING:pe_image_reader.cc(340)] could not read dos header from C:\WINDOWS\System32\shcore.dll
[0620/143505.611:ERROR:process_memory_win.cc(73)] ReadMemory at 0x7ff959e50000 of 64 bytes failed: Only part of a ReadProcessMemory or WriteProcessMemory request was completed. (0x12B)
[0620/143505.611:WARNING:pe_image_reader.cc(340)] could not read dos header from C:\WINDOWS\SYSTEM32\SSPICLI.DLL
[0620/143505.612:ERROR:process_memory_win.cc(73)] ReadMemory at 0x7ff959320000 of 64 bytes failed: Only part of a ReadProcessMemory or WriteProcessMemory request was completed. (0x12B)
[0620/143505.612:WARNING:pe_image_reader.cc(340)] could not read dos header from C:\WINDOWS\SYSTEM32\CRYPTBASE.DLL
[0620/143505.614:ERROR:process_memory_win.cc(73)] ReadMemory at 0x7ff6a3760000 of 64 bytes failed: Only part of a ReadProcessMemory or WriteProcessMemory request was completed. (0x12B)
[0620/143505.614:WARNING:pe_image_reader.cc(340)] could not read dos header from C:\Program Files (x86)\Google\Chrome\Application\chrome.exe
[0620/143505.614:ERROR:process_memory_win.cc(73)] ReadMemory at 0x7ff95d0a0000 of 64 bytes failed: Only part of a ReadProcessMemory or WriteProcessMemory request was completed. (0x12B)
[0620/143505.614:WARNING:pe_image_reader.cc(340)] could not read dos header from C:\WINDOWS\SYSTEM32\ntdll.dll
[0620/143505.614:ERROR:process_memory_win.cc(73)] ReadMemory at 0x7ff95c720000 of 64 bytes failed: Only part of a ReadProcessMemory or WriteProcessMemory request was completed. (0x12B)
[0620/143505.614:WARNING:pe_image_reader.cc(340)] could not read dos header from C:\WINDOWS\System32\KERNEL32.DLL
[0620/143505.615:ERROR:process_memory_win.cc(73)] ReadMemory at 0x7ff95ad80000 of 64 bytes failed: Only part of a ReadProcessMemory or WriteProcessMemory request was completed. (0x12B)
[0620/143505.615:WARNING:pe_image_reader.cc(340)] could not read dos header from C:\WINDOWS\System32\KERNELBASE.dll
[0620/143505.615:ERROR:process_memory_win.cc(73)] ReadMemory at 0x7ff8f0580000 of 64 bytes failed: Only part of a ReadProcessMemory or WriteProcessMemory request was completed. (0x12B)
[0620/143505.615:WARNING:pe_image_reader.cc(340)] could not read dos header from C:\Program Files (x86)\Google\Chrome\Application\83.0.4103.106\chrome_elf.dll
[0620/143505.615:ERROR:process_memory_win.cc(73)] ReadMemory at 0x7ff958040000 of 64 bytes failed: Only part of a ReadProcessMemory or WriteProcessMemory request was completed. (0x12B)
[0620/143505.615:WARNING:pe_image_reader.cc(340)] could not read dos header from C:\WINDOWS\SYSTEM32\VERSION.dll
[0620/143505.615:ERROR:process_memory_win.cc(73)] ReadMemory at 0x7ff95b220000 of 64 bytes failed: Only part of a ReadProcessMemory or WriteProcessMemory request was completed. (0x12B)
[0620/143505.615:WARNING:pe_image_reader.cc(340)] could not read dos header from C:\WINDOWS\System32\msvcrt.dll
[0620/143505.615:ERROR:process_memory_win.cc(73)] ReadMemory at 0x7ff95acd0000 of 64 bytes failed: Only part of a ReadProcessMemory or WriteProcessMemory request was completed. (0x12B)
[0620/143505.615:WARNING:pe_image_reader.cc(340)] could not read dos header from C:\WINDOWS\System32\bcryptPrimitives.dll
[0620/143505.615:ERROR:process_memory_win.cc(73)] ReadMemory at 0x7ff95cd80000 of 64 bytes failed: Only part of a ReadProcessMemory or WriteProcessMemory request was completed. (0x12B)
[0620/143505.615:WARNING:pe_image_reader.cc(340)] could not read dos header from C:\WINDOWS\System32\ADVAPI32.dll
[0620/143505.615:ERROR:process_memory_win.cc(73)] ReadMemory at 0x7ff95cbe0000 of 64 bytes failed: Only part of a ReadProcessMemory or WriteProcessMemory request was completed. (0x12B)
[0620/143505.615:WARNING:pe_image_reader.cc(340)] could not read dos header from C:\WINDOWS\System32\sechost.dll
[0620/143505.615:ERROR:process_memory_win.cc(73)] ReadMemory at 0x7ff95cac0000 of 64 bytes failed: Only part of a ReadProcessMemory or WriteProcessMemory request was completed. (0x12B)
[0620/143505.615:WARNING:pe_image_reader.cc(340)] could not read dos header from C:\WINDOWS\System32\RPCRT4.dll
[0620/143505.615:ERROR:process_memory_win.cc(73)] ReadMemory at 0x7ff8e0e40000 of 64 bytes failed: Only part of a ReadProcessMemory or WriteProcessMemory request was completed. (0x12B)
[0620/143505.615:WARNING:pe_image_reader.cc(340)] could not read dos header from C:\Program Files (x86)\Google\Chrome\Application\83.0.4103.106\chrome.dll
[0620/143505.615:ERROR:process_memory_win.cc(73)] ReadMemory at 0x7ff95cf20000 of 64 bytes failed: Only part of a ReadProcessMemory or WriteProcessMemory request was completed. (0x12B)
[0620/143505.615:WARNING:pe_image_reader.cc(340)] could not read dos header from C:\WINDOWS\System32\WS2_32.dll
[0620/143505.615:ERROR:process_memory_win.cc(73)] ReadMemory at 0x7ff95cf90000 of 64 bytes failed: Only part of a ReadProcessMemory or WriteProcessMemory request was completed. (0x12B)
[0620/143505.615:WARNING:pe_image_reader.cc(340)] could not read dos header from C:\WINDOWS\System32\OLEAUT32.dll
[0620/143505.615:ERROR:process_memory_win.cc(73)] ReadMemory at 0x7ff95ac30000 of 64 bytes failed: Only part of a ReadProcessMemory or WriteProcessMemory request was completed. (0x12B)
[0620/143505.615:WARNING:pe_image_reader.cc(340)] could not read dos header from C:\WINDOWS\System32\msvcp_win.dll
[0620/143505.615:ERROR:process_memory_win.cc(73)] ReadMemory at 0x7ff95b050000 of 64 bytes failed: Only part of a ReadProcessMemory or WriteProcessMemory request was completed. (0x12B)
[0620/143505.615:WARNING:pe_image_reader.cc(340)] could not read dos header from C:\WINDOWS\System32\ucrtbase.dll
[0620/143505.615:ERROR:process_memory_win.cc(73)] ReadMemory at 0x7ff95bcc0000 of 64 bytes failed: Only part of a ReadProcessMemory or WriteProcessMemory request was completed. (0x12B)
[0620/143505.615:WARNING:pe_image_reader.cc(340)] could not read dos header from C:\WINDOWS\System32\combase.dll
[0620/143505.615:ERROR:process_memory_win.cc(73)] ReadMemory at 0x7ff95a0b0000 of 64 bytes failed: Only part of a ReadProcessMemory or WriteProcessMemory request was completed. (0x12B)
[0620/143505.615:WARNING:pe_image_reader.cc(340)] could not read dos header from C:\WINDOWS\System32\WINTRUST.dll
[0620/143505.615:ERROR:process_memory_win.cc(73)] ReadMemory at 0x7ff959fc0000 of 64 bytes failed: Only part of a ReadProcessMemory or WriteProcessMemory request was completed. (0x12B)
[0620/143505.615:WARNING:pe_image_reader.cc(340)] could not read dos header from C:\WINDOWS\System32\MSASN1.dll
[0620/143505.615:ERROR:process_memory_win.cc(73)] ReadMemory at 0x7ff95a110000 of 64 bytes failed: Only part of a ReadProcessMemory or WriteProcessMemory request was completed. (0x12B)
[0620/143505.615:WARNING:pe_image_reader.cc(340)] could not read dos header from C:\WINDOWS\System32\CRYPT32.dll
[0620/143505.615:ERROR:process_memory_win.cc(73)] ReadMemory at 0x7ff958e60000 of 64 bytes failed: Only part of a ReadProcessMemory or WriteProcessMemory request was completed. (0x12B)
[0620/143505.615:WARNING:pe_image_reader.cc(340)] could not read dos header from C:\WINDOWS\SYSTEM32\IPHLPAPI.DLL
[0620/143505.615:ERROR:process_memory_win.cc(73)] ReadMemory at 0x7ff955d30000 of 64 bytes failed: Only part of a ReadProcessMemory or WriteProcessMemory request was completed. (0x12B)
[0620/143505.615:WARNING:pe_image_reader.cc(340)] could not read dos header from C:\WINDOWS\SYSTEM32\WINMM.dll
[0620/143505.615:ERROR:process_memory_win.cc(73)] ReadMemory at 0x7ff9580b0000 of 64 bytes failed: Only part of a ReadProcessMemory or WriteProcessMemory request was completed. (0x12B)
[0620/143505.615:WARNING:pe_image_reader.cc(340)] could not read dos header from C:\WINDOWS\SYSTEM32\Secur32.dll
[0620/143505.615:ERROR:process_memory_win.cc(73)] ReadMemory at 0x7ff959e80000 of 64 bytes failed: Only part of a ReadProcessMemory or WriteProcessMemory request was completed. (0x12B)
[0620/143505.615:WARNING:pe_image_reader.cc(340)] could not read dos header from C:\WINDOWS\SYSTEM32\USERENV.dll
[0620/143505.615:ERROR:process_memory_win.cc(73)] ReadMemory at 0x7ff959f90000 of 64 bytes failed: Only part of a ReadProcessMemory or WriteProcessMemory request was completed. (0x12B)
[0620/143505.615:WARNING:pe_image_reader.cc(340)] could not read dos header from C:\WINDOWS\System32\profapi.dll
[0620/143505.615:ERROR:process_memory_win.cc(73)] ReadMemory at 0x7ff932ab0000 of 64 bytes failed: Only part of a ReadProcessMemory or WriteProcessMemory request was completed. (0x12B)
[0620/143505.615:WARNING:pe_image_reader.cc(340)] could not read dos header from C:\WINDOWS\SYSTEM32\UIAutomationCore.DLL
[0620/143505.615:ERROR:process_memory_win.cc(73)] ReadMemory at 0x7ff944cc0000 of 64 bytes failed: Only part of a ReadProcessMemory or WriteProcessMemory request was completed. (0x12B)
[0620/143505.615:WARNING:pe_image_reader.cc(340)] could not read dos header from C:\WINDOWS\SYSTEM32\DWrite.dll
[0620/143505.615:ERROR:process_memory_win.cc(73)] ReadMemory at 0x7ff947540000 of 64 bytes failed: Only part of a ReadProcessMemory or WriteProcessMemory request was completed. (0x12B)
[0620/143505.615:WARNING:pe_image_reader.cc(340)] could not read dos header from C:\WINDOWS\SYSTEM32\WINSPOOL.DRV
[0620/143505.616:ERROR:process_memory_win.cc(73)] ReadMemory at 0x7ff959f70000 of 64 bytes failed: Only part of a ReadProcessMemory or WriteProcessMemory request was completed. (0x12B)
[0620/143505.616:WARNING:pe_image_reader.cc(340)] could not read dos header from C:\WINDOWS\System32\kernel.appcore.dll
[0620/143505.616:ERROR:process_memory_win.cc(73)] ReadMemory at 0x7ff95ad50000 of 64 bytes failed: Only part of a ReadProcessMemory or WriteProcessMemory request was completed. (0x12B)
[0620/143505.616:WARNING:pe_image_reader.cc(340)] could not read dos header from C:\WINDOWS\System32\bcrypt.dll
[0620/143505.616:ERROR:process_memory_win.cc(73)] ReadMemory at 0x7ff959a80000 of 64 bytes failed: Only part of a ReadProcessMemory or WriteProcessMemory request was completed. (0x12B)
[0620/143505.616:WARNING:pe_image_reader.cc(340)] could not read dos header from C:\WINDOWS\SYSTEM32\dbghelp.dll
[0620/143505.616:ERROR:process_memory_win.cc(73)] ReadMemory at 0x7ff954ba0000 of 64 bytes failed: Only part of a ReadProcessMemory or WriteProcessMemory request was completed. (0x12B)
[0620/143505.616:WARNING:pe_image_reader.cc(340)] could not read dos header from C:\WINDOWS\SYSTEM32\WINHTTP.dll
[0620/143505.616:ERROR:process_memory_win.cc(73)] ReadMemory at 0x7ff94db70000 of 64 bytes failed: Only part of a ReadProcessMemory or WriteProcessMemory request was completed. (0x12B)
[0620/143505.616:WARNING:pe_image_reader.cc(340)] could not read dos header from C:\WINDOWS\SYSTEM32\dhcpcsvc.DLL
[0620/143505.616:ERROR:process_memory_win.cc(73)] ReadMemory at 0x7ff95c8c0000 of 64 bytes failed: Only part of a ReadProcessMemory or WriteProcessMemory request was completed. (0x12B)
[0620/143505.616:WARNING:pe_image_reader.cc(340)] could not read dos header from C:\WINDOWS\System32\NSI.dll
[0620/143505.616:ERROR:process_memory_win.cc(73)] ReadMemory at 0x7ff955d00000 of 64 bytes failed: Only part of a ReadProcessMemory or WriteProcessMemory request was completed. (0x12B)
[0620/143505.616:WARNING:pe_image_reader.cc(340)] could not read dos header from C:\WINDOWS\SYSTEM32\WINMMBASE.dll
[0620/143505.616:ERROR:process_memory_win.cc(73)] ReadMemory at 0x7ff95a030000 of 64 bytes failed: Only part of a ReadProcessMemory or WriteProcessMemory request was completed. (0x12B)
[0620/143505.616:WARNING:pe_image_reader.cc(340)] could not read dos header from C:\WINDOWS\System32\cfgmgr32.dll
[0620/143505.616:ERROR:process_memory_win.cc(73)] ReadMemory at 0x7ff955a20000 of 64 bytes failed: Only part of a ReadProcessMemory or WriteProcessMemory request was completed. (0x12B)
[0620/143505.616:WARNING:pe_image_reader.cc(340)] could not read dos header from C:\WINDOWS\SYSTEM32\PROPSYS.dll
[0620/143505.616:ERROR:process_memory_win.cc(73)] ReadMemory at 0x7ff95ccd0000 of 64 bytes failed: Only part of a ReadProcessMemory or WriteProcessMemory request was completed. (0x12B)
[0620/143505.616:WARNING:pe_image_reader.cc(340)] could not read dos header from C:\WINDOWS\System32\shcore.dll
[0620/143505.616:ERROR:process_memory_win.cc(73)] ReadMemory at 0x7ff959e50000 of 64 bytes failed: Only part of a ReadProcessMemory or WriteProcessMemory request was completed. (0x12B)
[0620/143505.616:WARNING:pe_image_reader.cc(340)] could not read dos header from C:\WINDOWS\SYSTEM32\SSPICLI.DLL
[0620/143505.616:ERROR:process_memory_win.cc(73)] ReadMemory at 0x7ff959320000 of 64 bytes failed: Only part of a ReadProcessMemory or WriteProcessMemory request was completed. (0x12B)
[0620/143505.616:WARNING:pe_image_reader.cc(340)] could not read dos header from C:\WINDOWS\SYSTEM32\CRYPTBASE.DLL
[0620/143505.616:ERROR:process_memory_win.cc(73)] ReadMemory at 0x7ff6a3760000 of 64 bytes failed: Only part of a ReadProcessMemory or WriteProcessMemory request was completed. (0x12B)
[0620/143505.616:WARNING:pe_image_reader.cc(340)] could not read dos header from C:\Program Files (x86)\Google\Chrome\Application\chrome.exe
[0620/143505.616:ERROR:process_memory_win.cc(73)] ReadMemory at 0x7ff95d0a0000 of 64 bytes failed: Only part of a ReadProcessMemory or WriteProcessMemory request was completed. (0x12B)
[0620/143505.616:WARNING:pe_image_reader.cc(340)] could not read dos header from C:\WINDOWS\SYSTEM32\ntdll.dll
[0620/143505.616:ERROR:process_memory_win.cc(73)] ReadMemory at 0x7ff95c720000 of 64 bytes failed: Only part of a ReadProcessMemory or WriteProcessMemory request was completed. (0x12B)
[0620/143505.616:WARNING:pe_image_reader.cc(340)] could not read dos header from C:\WINDOWS\System32\KERNEL32.DLL
[0620/143505.616:ERROR:process_memory_win.cc(73)] ReadMemory at 0x7ff95ad80000 of 64 bytes failed: Only part of a ReadProcessMemory or WriteProcessMemory request was completed. (0x12B)
[0620/143505.616:WARNING:pe_image_reader.cc(340)] could not read dos header from C:\WINDOWS\System32\KERNELBASE.dll
[0620/143505.616:ERROR:process_memory_win.cc(73)] ReadMemory at 0x7ff8f0580000 of 64 bytes failed: Only part of a ReadProcessMemory or WriteProcessMemory request was completed. (0x12B)
[0620/143505.616:WARNING:pe_image_reader.cc(340)] could not read dos header from C:\Program Files (x86)\Google\Chrome\Application\83.0.4103.106\chrome_elf.dll
[0620/143505.616:ERROR:process_memory_win.cc(73)] ReadMemory at 0x7ff958040000 of 64 bytes failed: Only part of a ReadProcessMemory or WriteProcessMemory request was completed. (0x12B)
[0620/143505.616:WARNING:pe_image_reader.cc(340)] could not read dos header from C:\WINDOWS\SYSTEM32\VERSION.dll
[0620/143505.616:ERROR:process_memory_win.cc(73)] ReadMemory at 0x7ff95b220000 of 64 bytes failed: Only part of a ReadProcessMemory or WriteProcessMemory request was completed. (0x12B)
[0620/143505.616:WARNING:pe_image_reader.cc(340)] could not read dos header from C:\WINDOWS\System32\msvcrt.dll
[0620/143505.616:ERROR:process_memory_win.cc(73)] ReadMemory at 0x7ff95acd0000 of 64 bytes failed: Only part of a ReadProcessMemory or WriteProcessMemory request was completed. (0x12B)
[0620/143505.616:WARNING:pe_image_reader.cc(340)] could not read dos header from C:\WINDOWS\System32\bcryptPrimitives.dll
[0620/143505.616:ERROR:process_memory_win.cc(73)] ReadMemory at 0x7ff95cd80000 of 64 bytes failed: Only part of a ReadProcessMemory or WriteProcessMemory request was completed. (0x12B)
[0620/143505.616:WARNING:pe_image_reader.cc(340)] could not read dos header from C:\WINDOWS\System32\ADVAPI32.dll
[0620/143505.616:ERROR:process_memory_win.cc(73)] ReadMemory at 0x7ff95cbe0000 of 64 bytes failed: Only part of a ReadProcessMemory or WriteProcessMemory request was completed. (0x12B)
[0620/143505.616:WARNING:pe_image_reader.cc(340)] could not read dos header from C:\WINDOWS\System32\sechost.dll
[0620/143505.616:ERROR:process_memory_win.cc(73)] ReadMemory at 0x7ff95cac0000 of 64 bytes failed: Only part of a ReadProcessMemory or WriteProcessMemory request was completed. (0x12B)
[0620/143505.616:WARNING:pe_image_reader.cc(340)] could not read dos header from C:\WINDOWS\System32\RPCRT4.dll
[0620/143505.616:ERROR:process_memory_win.cc(73)] ReadMemory at 0x7ff8e0e40000 of 64 bytes failed: Only part of a ReadProcessMemory or WriteProcessMemory request was completed. (0x12B)
[0620/143505.616:WARNING:pe_image_reader.cc(340)] could not read dos header from C:\Program Files (x86)\Google\Chrome\Application\83.0.4103.106\chrome.dll
[0620/143505.616:ERROR:process_memory_win.cc(73)] ReadMemory at 0x7ff95cf20000 of 64 bytes failed: Only part of a ReadProcessMemory or WriteProcessMemory request was completed. (0x12B)
[0620/143505.616:WARNING:pe_image_reader.cc(340)] could not read dos header from C:\WINDOWS\System32\WS2_32.dll
[0620/143505.616:ERROR:process_memory_win.cc(73)] ReadMemory at 0x7ff95cf90000 of 64 bytes failed: Only part of a ReadProcessMemory or WriteProcessMemory request was completed. (0x12B)
[0620/143505.616:WARNING:pe_image_reader.cc(340)] could not read dos header from C:\WINDOWS\System32\OLEAUT32.dll
[0620/143505.617:ERROR:process_memory_win.cc(73)] ReadMemory at 0x7ff95ac30000 of 64 bytes failed: Only part of a ReadProcessMemory or WriteProcessMemory request was completed. (0x12B)
[0620/143505.617:WARNING:pe_image_reader.cc(340)] could not read dos header from C:\WINDOWS\System32\msvcp_win.dll
[0620/143505.617:ERROR:process_memory_win.cc(73)] ReadMemory at 0x7ff95b050000 of 64 bytes failed: Only part of a ReadProcessMemory or WriteProcessMemory request was completed. (0x12B)
[0620/143505.617:WARNING:pe_image_reader.cc(340)] could not read dos header from C:\WINDOWS\System32\ucrtbase.dll
[0620/143505.617:ERROR:process_memory_win.cc(73)] ReadMemory at 0x7ff95bcc0000 of 64 bytes failed: Only part of a ReadProcessMemory or WriteProcessMemory request was completed. (0x12B)
[0620/143505.617:WARNING:pe_image_reader.cc(340)] could not read dos header from C:\WINDOWS\System32\combase.dll
[0620/143505.617:ERROR:process_memory_win.cc(73)] ReadMemory at 0x7ff95a0b0000 of 64 bytes failed: Only part of a ReadProcessMemory or WriteProcessMemory request was completed. (0x12B)
[0620/143505.617:WARNING:pe_image_reader.cc(340)] could not read dos header from C:\WINDOWS\System32\WINTRUST.dll
[0620/143505.617:ERROR:process_memory_win.cc(73)] ReadMemory at 0x7ff959fc0000 of 64 bytes failed: Only part of a ReadProcessMemory or WriteProcessMemory request was completed. (0x12B)
[0620/143505.617:WARNING:pe_image_reader.cc(340)] could not read dos header from C:\WINDOWS\System32\MSASN1.dll
[0620/143505.617:ERROR:process_memory_win.cc(73)] ReadMemory at 0x7ff95a110000 of 64 bytes failed: Only part of a ReadProcessMemory or WriteProcessMemory request was completed. (0x12B)
[0620/143505.617:WARNING:pe_image_reader.cc(340)] could not read dos header from C:\WINDOWS\System32\CRYPT32.dll
[0620/143505.617:ERROR:process_memory_win.cc(73)] ReadMemory at 0x7ff958e60000 of 64 bytes failed: Only part of a ReadProcessMemory or WriteProcessMemory request was completed. (0x12B)
[0620/143505.617:WARNING:pe_image_reader.cc(340)] could not read dos header from C:\WINDOWS\SYSTEM32\IPHLPAPI.DLL
[0620/143505.617:ERROR:process_memory_win.cc(73)] ReadMemory at 0x7ff955d30000 of 64 bytes failed: Only part of a ReadProcessMemory or WriteProcessMemory request was completed. (0x12B)
[0620/143505.617:WARNING:pe_image_reader.cc(340)] could not read dos header from C:\WINDOWS\SYSTEM32\WINMM.dll
[0620/143505.617:ERROR:process_memory_win.cc(73)] ReadMemory at 0x7ff9580b0000 of 64 bytes failed: Only part of a ReadProcessMemory or WriteProcessMemory request was completed. (0x12B)
[0620/143505.617:WARNING:pe_image_reader.cc(340)] could not read dos header from C:\WINDOWS\SYSTEM32\Secur32.dll
[0620/143505.617:ERROR:process_memory_win.cc(73)] ReadMemory at 0x7ff959e80000 of 64 bytes failed: Only part of a ReadProcessMemory or WriteProcessMemory request was completed. (0x12B)
[0620/143505.617:WARNING:pe_image_reader.cc(340)] could not read dos header from C:\WINDOWS\SYSTEM32\USERENV.dll
[0620/143505.617:ERROR:process_memory_win.cc(73)] ReadMemory at 0x7ff959f90000 of 64 bytes failed: Only part of a ReadProcessMemory or WriteProcessMemory request was completed. (0x12B)
[0620/143505.617:WARNING:pe_image_reader.cc(340)] could not read dos header from C:\WINDOWS\System32\profapi.dll
[0620/143505.617:ERROR:process_memory_win.cc(73)] ReadMemory at 0x7ff932ab0000 of 64 bytes failed: Only part of a ReadProcessMemory or WriteProcessMemory request was completed. (0x12B)
[0620/143505.617:WARNING:pe_image_reader.cc(340)] could not read dos header from C:\WINDOWS\SYSTEM32\UIAutomationCore.DLL
[0620/143505.617:ERROR:process_memory_win.cc(73)] ReadMemory at 0x7ff944cc0000 of 64 bytes failed: Only part of a ReadProcessMemory or WriteProcessMemory request was completed. (0x12B)
[0620/143505.617:WARNING:pe_image_reader.cc(340)] could not read dos header from C:\WINDOWS\SYSTEM32\DWrite.dll
[0620/143505.617:ERROR:process_memory_win.cc(73)] ReadMemory at 0x7ff947540000 of 64 bytes failed: Only part of a ReadProcessMemory or WriteProcessMemory request was completed. (0x12B)
[0620/143505.617:WARNING:pe_image_reader.cc(340)] could not read dos header from C:\WINDOWS\SYSTEM32\WINSPOOL.DRV
[0620/143505.617:ERROR:process_memory_win.cc(73)] ReadMemory at 0x7ff959f70000 of 64 bytes failed: Only part of a ReadProcessMemory or WriteProcessMemory request was completed. (0x12B)
[0620/143505.617:WARNING:pe_image_reader.cc(340)] could not read dos header from C:\WINDOWS\System32\kernel.appcore.dll
[0620/143505.617:ERROR:process_memory_win.cc(73)] ReadMemory at 0x7ff95ad50000 of 64 bytes failed: Only part of a ReadProcessMemory or WriteProcessMemory request was completed. (0x12B)
[0620/143505.617:WARNING:pe_image_reader.cc(340)] could not read dos header from C:\WINDOWS\System32\bcrypt.dll
[0620/143505.617:ERROR:process_memory_win.cc(73)] ReadMemory at 0x7ff959a80000 of 64 bytes failed: Only part of a ReadProcessMemory or WriteProcessMemory request was completed. (0x12B)
[0620/143505.617:WARNING:pe_image_reader.cc(340)] could not read dos header from C:\WINDOWS\SYSTEM32\dbghelp.dll
[0620/143505.617:ERROR:process_memory_win.cc(73)] ReadMemory at 0x7ff954ba0000 of 64 bytes failed: Only part of a ReadProcessMemory or WriteProcessMemory request was completed. (0x12B)
[0620/143505.617:WARNING:pe_image_reader.cc(340)] could not read dos header from C:\WINDOWS\SYSTEM32\WINHTTP.dll
[0620/143505.617:ERROR:process_memory_win.cc(73)] ReadMemory at 0x7ff94db70000 of 64 bytes failed: Only part of a ReadProcessMemory or WriteProcessMemory request was completed. (0x12B)
[0620/143505.617:WARNING:pe_image_reader.cc(340)] could not read dos header from C:\WINDOWS\SYSTEM32\dhcpcsvc.DLL
[0620/143505.617:ERROR:process_memory_win.cc(73)] ReadMemory at 0x7ff95c8c0000 of 64 bytes failed: Only part of a ReadProcessMemory or WriteProcessMemory request was completed. (0x12B)
[0620/143505.617:WARNING:pe_image_reader.cc(340)] could not read dos header from C:\WINDOWS\System32\NSI.dll
[0620/143505.617:ERROR:process_memory_win.cc(73)] ReadMemory at 0x7ff955d00000 of 64 bytes failed: Only part of a ReadProcessMemory or WriteProcessMemory request was completed. (0x12B)
[0620/143505.617:WARNING:pe_image_reader.cc(340)] could not read dos header from C:\WINDOWS\SYSTEM32\WINMMBASE.dll
[0620/143505.617:ERROR:process_memory_win.cc(73)] ReadMemory at 0x7ff95a030000 of 64 bytes failed: Only part of a ReadProcessMemory or WriteProcessMemory request was completed. (0x12B)
[0620/143505.617:WARNING:pe_image_reader.cc(340)] could not read dos header from C:\WINDOWS\System32\cfgmgr32.dll
[0620/143505.617:ERROR:process_memory_win.cc(73)] ReadMemory at 0x7ff955a20000 of 64 bytes failed: Only part of a ReadProcessMemory or WriteProcessMemory request was completed. (0x12B)
[0620/143505.617:WARNING:pe_image_reader.cc(340)] could not read dos header from C:\WINDOWS\SYSTEM32\PROPSYS.dll
[0620/143505.617:ERROR:process_memory_win.cc(73)] ReadMemory at 0x7ff95ccd0000 of 64 bytes failed: Only part of a ReadProcessMemory or WriteProcessMemory request was completed. (0x12B)
[0620/143505.617:WARNING:pe_image_reader.cc(340)] could not read dos header from C:\WINDOWS\System32\shcore.dll
[0620/143505.617:ERROR:process_memory_win.cc(73)] ReadMemory at 0x7ff959e50000 of 64 bytes failed: Only part of a ReadProcessMemory or WriteProcessMemory request was completed. (0x12B)
[0620/143505.617:WARNING:pe_image_reader.cc(340)] could not read dos header from C:\WINDOWS\SYSTEM32\SSPICLI.DLL
[0620/143505.618:ERROR:process_memory_win.cc(73)] ReadMemory at 0x7ff959320000 of 64 bytes failed: Only part of a ReadProcessMemory or WriteProcessMemory request was completed. (0x12B)
[0620/143505.618:WARNING:pe_image_reader.cc(340)] could not read dos header from C:\WINDOWS\SYSTEM32\CRYPTBASE.DLL
[0620/143505.621:ERROR:process_memory_win.cc(73)] ReadMemory at 0xfce3f6000 of 40960 bytes failed: Only part of a ReadProcessMemory or WriteProcessMemory request was completed. (0x12B)
[0620/143505.621:ERROR:process_memory_win.cc(73)] ReadMemory at 0xfcebfd000 of 12288 bytes failed: Only part of a ReadProcessMemory or WriteProcessMemory request was completed. (0x12B)
[0620/143505.621:ERROR:process_memory_win.cc(73)] ReadMemory at 0xfcf3f7000 of 36864 bytes failed: Only part of a ReadProcessMemory or WriteProcessMemory request was completed. (0x12B)
[0620/143505.621:ERROR:process_memory_win.cc(73)] ReadMemory at 0xfcfbfc000 of 16384 bytes failed: Only part of a ReadProcessMemory or WriteProcessMemory request was completed. (0x12B)
[0620/143505.621:ERROR:process_memory_win.cc(73)] ReadMemory at 0xfd03fb000 of 20480 bytes failed: Only part of a ReadProcessMemory or WriteProcessMemory request was completed. (0x12B)
[0620/143505.621:ERROR:process_memory_win.cc(73)] ReadMemory at 0xfd0bfe000 of 8192 bytes failed: Only part of a ReadProcessMemory or WriteProcessMemory request was completed. (0x12B)
[0620/143505.621:ERROR:process_memory_win.cc(73)] ReadMemory at 0xfd13fd000 of 12288 bytes failed: Only part of a ReadProcessMemory or WriteProcessMemory request was completed. (0x12B)
[0620/143505.621:ERROR:process_memory_win.cc(73)] ReadMemory at 0xfd1bfb000 of 20480 bytes failed: Only part of a ReadProcessMemory or WriteProcessMemory request was completed. (0x12B)
[0620/143505.621:ERROR:process_memory_win.cc(73)] ReadMemory at 0xfd23fd000 of 12288 bytes failed: Only part of a ReadProcessMemory or WriteProcessMemory request was completed. (0x12B)
[0620/143505.621:ERROR:process_memory_win.cc(73)] ReadMemory at 0xfd2bfd000 of 12288 bytes failed: Only part of a ReadProcessMemory or WriteProcessMemory request was completed. (0x12B)
[0620/143505.621:ERROR:process_memory_win.cc(73)] ReadMemory at 0xfd33fd000 of 12288 bytes failed: Only part of a ReadProcessMemory or WriteProcessMemory request was completed. (0x12B)
[0620/143505.621:ERROR:process_memory_win.cc(73)] ReadMemory at 0xfd3bfd000 of 12288 bytes failed: Only part of a ReadProcessMemory or WriteProcessMemory request was completed. (0x12B)
[0620/143505.621:ERROR:process_memory_win.cc(73)] ReadMemory at 0xfd43fd000 of 12288 bytes failed: Only part of a ReadProcessMemory or WriteProcessMemory request was completed. (0x12B)
[0620/143505.622:ERROR:process_memory_win.cc(73)] ReadMemory at 0xfd4bfd000 of 12288 bytes failed: Only part of a ReadProcessMemory or WriteProcessMemory request was completed. (0x12B)
[0620/143505.622:ERROR:process_memory_win.cc(73)] ReadMemory at 0xfd53fd000 of 12288 bytes failed: Only part of a ReadProcessMemory or WriteProcessMemory request was completed. (0x12B)
[0620/143505.622:ERROR:process_memory_win.cc(73)] ReadMemory at 0xfd5bfd000 of 12288 bytes failed: Only part of a ReadProcessMemory or WriteProcessMemory request was completed. (0x12B)
[0620/143505.622:ERROR:process_memory_win.cc(73)] ReadMemory at 0xfcdac1000 of 852 bytes failed: Only part of a ReadProcessMemory or WriteProcessMemory request was completed. (0x12B)
[0620/143505.622:ERROR:process_memory_win.cc(73)] ReadMemory at 0xfcdac2000 of 6024 bytes failed: Only part of a ReadProcessMemory or WriteProcessMemory request was completed. (0x12B)
[0620/143505.622:ERROR:process_memory_win.cc(73)] ReadMemory at 0xfcdac4000 of 6024 bytes failed: Only part of a ReadProcessMemory or WriteProcessMemory request was completed. (0x12B)
[0620/143505.622:ERROR:process_memory_win.cc(73)] ReadMemory at 0xfcdac6000 of 6024 bytes failed: Only part of a ReadProcessMemory or WriteProcessMemory request was completed. (0x12B)
[0620/143505.622:ERROR:process_memory_win.cc(73)] ReadMemory at 0xfcdac8000 of 6024 bytes failed: Only part of a ReadProcessMemory or WriteProcessMemory request was completed. (0x12B)
[0620/143505.622:ERROR:process_memory_win.cc(73)] ReadMemory at 0xfcdaca000 of 6024 bytes failed: Only part of a ReadProcessMemory or WriteProcessMemory request was completed. (0x12B)
[0620/143505.622:ERROR:process_memory_win.cc(73)] ReadMemory at 0xfcdacc000 of 6024 bytes failed: Only part of a ReadProcessMemory or WriteProcessMemory request was completed. (0x12B)
[0620/143505.622:ERROR:process_memory_win.cc(73)] ReadMemory at 0xfcdace000 of 6024 bytes failed: Only part of a ReadProcessMemory or WriteProcessMemory request was completed. (0x12B)
[0620/143505.622:ERROR:process_memory_win.cc(73)] ReadMemory at 0xfcdad0000 of 6024 bytes failed: Only part of a ReadProcessMemory or WriteProcessMemory request was completed. (0x12B)
[0620/143505.622:ERROR:process_memory_win.cc(73)] ReadMemory at 0xfcdad2000 of 6024 bytes failed: Only part of a ReadProcessMemory or WriteProcessMemory request was completed. (0x12B)
[0620/143505.622:ERROR:process_memory_win.cc(73)] ReadMemory at 0xfcdad4000 of 6024 bytes failed: Only part of a ReadProcessMemory or WriteProcessMemory request was completed. (0x12B)
[0620/143505.622:ERROR:process_memory_win.cc(73)] ReadMemory at 0xfcdad6000 of 6024 bytes failed: Only part of a ReadProcessMemory or WriteProcessMemory request was completed. (0x12B)
[0620/143505.622:ERROR:process_memory_win.cc(73)] ReadMemory at 0xfcdad8000 of 6024 bytes failed: Only part of a ReadProcessMemory or WriteProcessMemory request was completed. (0x12B)
[0620/143505.622:ERROR:process_memory_win.cc(73)] ReadMemory at 0xfcdada000 of 6024 bytes failed: Only part of a ReadProcessMemory or WriteProcessMemory request was completed. (0x12B)
[0620/143505.622:ERROR:process_memory_win.cc(73)] ReadMemory at 0xfcdadc000 of 6024 bytes failed: Only part of a ReadProcessMemory or WriteProcessMemory request was completed. (0x12B)
[0620/143505.622:ERROR:process_memory_win.cc(73)] ReadMemory at 0xfcdade000 of 6024 bytes failed: Only part of a ReadProcessMemory or WriteProcessMemory request was completed. (0x12B)
[0620/143505.622:ERROR:process_memory_win.cc(73)] ReadMemory at 0xfcdae0000 of 6024 bytes failed: Only part of a ReadProcessMemory or WriteProcessMemory request was completed. (0x12B)
[0620/143505.622:ERROR:process_memory_win.cc(73)] ReadMemory at 0x1afd7610750 of 80 bytes failed: Only part of a ReadProcessMemory or WriteProcessMemory request was completed. (0x12B)
[0620/143505.622:ERROR:process_memory_win.cc(73)] ReadMemory at 0x1afd7610fe0 of 19098 bytes failed: Only part of a ReadProcessMemory or WriteProcessMemory request was completed. (0x12B)
[0620/143505.622:ERROR:process_memory_win.cc(73)] ReadMemory at 0x1afd7615a90 of 1012 bytes failed: Only part of a ReadProcessMemory or WriteProcessMemory request was completed. (0x12B)
[0620/143505.622:ERROR:process_memory_win.cc(73)] ReadMemory at 0x1afd76160d8 of 118 bytes failed: Only part of a ReadProcessMemory or WriteProcessMemory request was completed. (0x12B)
[0620/143505.622:ERROR:process_memory_win.cc(73)] ReadMemory at 0x1afd7616150 of 752 bytes failed: Only part of a ReadProcessMemory or WriteProcessMemory request was completed. (0x12B)
[0620/143505.622:ERROR:process_memory_win.cc(73)] ReadMemory at 0x1afd7616442 of 118 bytes failed: Only part of a ReadProcessMemory or WriteProcessMemory request was completed. (0x12B)
[0620/143505.622:ERROR:process_memory_win.cc(73)] ReadMemory at 0x1afd76164ba of 100 bytes failed: Only part of a ReadProcessMemory or WriteProcessMemory request was completed. (0x12B)
[0620/143505.622:ERROR:process_memory_win.cc(73)] ReadMemory at 0x1afd7616530 of 58 bytes failed: Only part of a ReadProcessMemory or WriteProcessMemory request was completed. (0x12B)
[0620/143505.622:ERROR:process_memory_win.cc(73)] ReadMemory at 0x1afd7616630 of 132 bytes failed: Only part of a ReadProcessMemory or WriteProcessMemory request was completed. (0x12B)
[0620/143505.622:ERROR:process_memory_win.cc(73)] ReadMemory at 0x1afd76167c0 of 132 bytes failed: Only part of a ReadProcessMemory or WriteProcessMemory request was completed. (0x12B)
[0620/143505.622:ERROR:process_memory_win.cc(73)] ReadMemory at 0x1afd7616980 of 126 bytes failed: Only part of a ReadProcessMemory or WriteProcessMemory request was completed. (0x12B)
[0620/143505.622:ERROR:process_memory_win.cc(73)] ReadMemory at 0x1afd7616d60 of 132 bytes failed: Only part of a ReadProcessMemory or WriteProcessMemory request was completed. (0x12B)
[0620/143505.623:ERROR:process_memory_win.cc(73)] ReadMemory at 0x1afd7616ef0 of 64 bytes failed: Only part of a ReadProcessMemory or WriteProcessMemory request was completed. (0x12B)
[0620/143505.623:ERROR:process_memory_win.cc(73)] ReadMemory at 0x1afd76170b0 of 132 bytes failed: Only part of a ReadProcessMemory or WriteProcessMemory request was completed. (0x12B)
[0620/143505.623:ERROR:process_memory_win.cc(73)] ReadMemory at 0x1afd7617350 of 132 bytes failed: Only part of a ReadProcessMemory or WriteProcessMemory request was completed. (0x12B)
[0620/143505.623:ERROR:process_memory_win.cc(73)] ReadMemory at 0x1afd76174e0 of 68 bytes failed: Only part of a ReadProcessMemory or WriteProcessMemory request was completed. (0x12B)
[0620/143505.623:ERROR:process_memory_win.cc(73)] ReadMemory at 0x1afd76184e0 of 146 bytes failed: Only part of a ReadProcessMemory or WriteProcessMemory request was completed. (0x12B)
[0620/143505.623:ERROR:process_memory_win.cc(73)] ReadMemory at 0x1afd76185c0 of 132 bytes failed: Only part of a ReadProcessMemory or WriteProcessMemory request was completed. (0x12B)
[0620/143505.623:ERROR:process_memory_win.cc(73)] ReadMemory at 0x1afd7618750 of 154 bytes failed: Only part of a ReadProcessMemory or WriteProcessMemory request was completed. (0x12B)
[0620/143505.623:ERROR:process_memory_win.cc(73)] ReadMemory at 0x1afd76193e0 of 132 bytes failed: Only part of a ReadProcessMemory or WriteProcessMemory request was completed. (0x12B)
[0620/143505.623:ERROR:process_memory_win.cc(73)] ReadMemory at 0x1afd7619560 of 62 bytes failed: Only part of a ReadProcessMemory or WriteProcessMemory request was completed. (0x12B)
[0620/143505.623:ERROR:process_memory_win.cc(73)] ReadMemory at 0x1afd76196c0 of 132 bytes failed: Only part of a ReadProcessMemory or WriteProcessMemory request was completed. (0x12B)
[0620/143505.623:ERROR:process_memory_win.cc(73)] ReadMemory at 0x1afd7619850 of 60 bytes failed: Only part of a ReadProcessMemory or WriteProcessMemory request was completed. (0x12B)
[0620/143505.623:ERROR:process_memory_win.cc(73)] ReadMemory at 0x1afd761b150 of 132 bytes failed: Only part of a ReadProcessMemory or WriteProcessMemory request was completed. (0x12B)
[0620/143505.623:ERROR:process_memory_win.cc(73)] ReadMemory at 0x1afd761bd50 of 132 bytes failed: Only part of a ReadProcessMemory or WriteProcessMemory request was completed. (0x12B)
[0620/143505.623:ERROR:process_memory_win.cc(73)] ReadMemory at 0x1afd761ec50 of 64 bytes failed: Only part of a ReadProcessMemory or WriteProcessMemory request was completed. (0x12B)
[0620/143505.623:ERROR:process_memory_win.cc(73)] ReadMemory at 0x1afd761ed40 of 60 bytes failed: Only part of a ReadProcessMemory or WriteProcessMemory request was completed. (0x12B)
[0620/143505.623:ERROR:process_memory_win.cc(73)] ReadMemory at 0x1afd761efc0 of 62 bytes failed: Only part of a ReadProcessMemory or WriteProcessMemory request was completed. (0x12B)
[0620/143505.623:ERROR:process_memory_win.cc(73)] ReadMemory at 0x1afd761f0b0 of 64 bytes failed: Only part of a ReadProcessMemory or WriteProcessMemory request was completed. (0x12B)
[0620/143505.623:ERROR:process_memory_win.cc(73)] ReadMemory at 0x1afd761f150 of 60 bytes failed: Only part of a ReadProcessMemory or WriteProcessMemory request was completed. (0x12B)
[0620/143505.623:ERROR:process_memory_win.cc(73)] ReadMemory at 0x1afd761f240 of 64 bytes failed: Only part of a ReadProcessMemory or WriteProcessMemory request was completed. (0x12B)
[0620/143505.623:ERROR:process_memory_win.cc(73)] ReadMemory at 0x1afd761f290 of 64 bytes failed: Only part of a ReadProcessMemory or WriteProcessMemory request was completed. (0x12B)
[0620/143505.623:ERROR:process_memory_win.cc(73)] ReadMemory at 0x1afd761f2e0 of 62 bytes failed: Only part of a ReadProcessMemory or WriteProcessMemory request was completed. (0x12B)
[0620/143505.623:ERROR:process_memory_win.cc(73)] ReadMemory at 0x1afd761f380 of 66 bytes failed: Only part of a ReadProcessMemory or WriteProcessMemory request was completed. (0x12B)
[0620/143505.623:ERROR:process_memory_win.cc(73)] ReadMemory at 0x1afd761fb60 of 512 bytes failed: Only part of a ReadProcessMemory or WriteProcessMemory request was completed. (0x12B)
[0620/143505.623:ERROR:process_memory_win.cc(73)] ReadMemory at 0x1afd761fee0 of 76 bytes failed: Only part of a ReadProcessMemory or WriteProcessMemory request was completed. (0x12B)
[0620/143505.623:ERROR:process_memory_win.cc(73)] ReadMemory at 0x1afd76200c0 of 80 bytes failed: Only part of a ReadProcessMemory or WriteProcessMemory request was completed. (0x12B)
[0620/143505.623:ERROR:process_memory_win.cc(73)] ReadMemory at 0x1afd7622a50 of 132 bytes failed: Only part of a ReadProcessMemory or WriteProcessMemory request was completed. (0x12B)
[0620/143505.623:ERROR:process_memory_win.cc(73)] ReadMemory at 0x1afd7622b80 of 132 bytes failed: Only part of a ReadProcessMemory or WriteProcessMemory request was completed. (0x12B)
[0620/143505.623:ERROR:process_memory_win.cc(73)] ReadMemory at 0x1afd7622da0 of 132 bytes failed: Only part of a ReadProcessMemory or WriteProcessMemory request was completed. (0x12B)
[0620/143505.623:ERROR:process_memory_win.cc(73)] ReadMemory at 0x1afd7623100 of 132 bytes failed: Only part of a ReadProcessMemory or WriteProcessMemory request was completed. (0x12B)
[0620/143505.623:ERROR:process_memory_win.cc(73)] ReadMemory at 0x1afd7624fc0 of 54 bytes failed: Only part of a ReadProcessMemory or WriteProcessMemory request was completed. (0x12B)
[0620/143505.624:ERROR:process_memory_win.cc(73)] ReadMemory at 0x1afd7625280 of 132 bytes failed: Only part of a ReadProcessMemory or WriteProcessMemory request was completed. (0x12B)
[0620/143505.624:ERROR:process_memory_win.cc(73)] ReadMemory at 0x1afd76256f0 of 132 bytes failed: Only part of a ReadProcessMemory or WriteProcessMemory request was completed. (0x12B)
[0620/143505.624:ERROR:process_memory_win.cc(73)] ReadMemory at 0x1afd7625e50 of 132 bytes failed: Only part of a ReadProcessMemory or WriteProcessMemory request was completed. (0x12B)
[0620/143505.624:ERROR:process_memory_win.cc(73)] ReadMemory at 0x1afd76276a0 of 132 bytes failed: Only part of a ReadProcessMemory or WriteProcessMemory request was completed. (0x12B)
[0620/143505.624:ERROR:process_memory_win.cc(73)] ReadMemory at 0x1afd76277d0 of 132 bytes failed: Only part of a ReadProcessMemory or WriteProcessMemory request was completed. (0x12B)
[0620/143505.624:ERROR:process_memory_win.cc(73)] ReadMemory at 0x1afd7627900 of 132 bytes failed: Only part of a ReadProcessMemory or WriteProcessMemory request was completed. (0x12B)
[0620/143505.624:ERROR:process_memory_win.cc(73)] ReadMemory at 0x1afd7627a30 of 132 bytes failed: Only part of a ReadProcessMemory or WriteProcessMemory request was completed. (0x12B)
[0620/143505.624:ERROR:process_memory_win.cc(73)] ReadMemory at 0x1afd7627b60 of 132 bytes failed: Only part of a ReadProcessMemory or WriteProcessMemory request was completed. (0x12B)
[0620/143505.624:ERROR:process_memory_win.cc(73)] ReadMemory at 0x1afd7627c90 of 132 bytes failed: Only part of a ReadProcessMemory or WriteProcessMemory request was completed. (0x12B)
[0620/143505.624:ERROR:process_memory_win.cc(73)] ReadMemory at 0x1afd7627dc0 of 132 bytes failed: Only part of a ReadProcessMemory or WriteProcessMemory request was completed. (0x12B)
[0620/143505.624:ERROR:process_memory_win.cc(73)] ReadMemory at 0x1afd7627ef0 of 132 bytes failed: Only part of a ReadProcessMemory or WriteProcessMemory request was completed. (0x12B)
[0620/143505.624:ERROR:process_memory_win.cc(73)] ReadMemory at 0x1afd7628150 of 132 bytes failed: Only part of a ReadProcessMemory or WriteProcessMemory request was completed. (0x12B)
[0620/143505.624:ERROR:process_memory_win.cc(73)] ReadMemory at 0x1afd7628280 of 132 bytes failed: Only part of a ReadProcessMemory or WriteProcessMemory request was completed. (0x12B)
[0620/143505.624:ERROR:process_memory_win.cc(73)] ReadMemory at 0x1afd76283b0 of 132 bytes failed: Only part of a ReadProcessMemory or WriteProcessMemory request was completed. (0x12B)
[0620/143505.624:ERROR:process_memory_win.cc(73)] ReadMemory at 0x1afd76284e0 of 132 bytes failed: Only part of a ReadProcessMemory or WriteProcessMemory request was completed. (0x12B)
[0620/143505.624:ERROR:process_memory_win.cc(73)] ReadMemory at 0x1afd762c020 of 64 bytes failed: Only part of a ReadProcessMemory or WriteProcessMemory request was completed. (0x12B)
[0620/143505.624:ERROR:process_memory_win.cc(73)] ReadMemory at 0x1afd762c070 of 64 bytes failed: Only part of a ReadProcessMemory or WriteProcessMemory request was completed. (0x12B)
[0620/143505.624:ERROR:process_memory_win.cc(73)] ReadMemory at 0x1afd762c0c0 of 66 bytes failed: Only part of a ReadProcessMemory or WriteProcessMemory request was completed. (0x12B)
[0620/143505.624:ERROR:process_memory_win.cc(73)] ReadMemory at 0x1afd762c110 of 62 bytes failed: Only part of a ReadProcessMemory or WriteProcessMemory request was completed. (0x12B)
[0620/143505.624:ERROR:process_memory_win.cc(73)] ReadMemory at 0x1afd762c200 of 58 bytes failed: Only part of a ReadProcessMemory or WriteProcessMemory request was completed. (0x12B)
[0620/143505.624:ERROR:process_memory_win.cc(73)] ReadMemory at 0x1afd762c340 of 60 bytes failed: Only part of a ReadProcessMemory or WriteProcessMemory request was completed. (0x12B)
[0620/143505.624:ERROR:process_memory_win.cc(73)] ReadMemory at 0x1afd762c390 of 62 bytes failed: Only part of a ReadProcessMemory or WriteProcessMemory request was completed. (0x12B)
[0620/143505.624:ERROR:process_memory_win.cc(73)] ReadMemory at 0x1afd762c480 of 62 bytes failed: Only part of a ReadProcessMemory or WriteProcessMemory request was completed. (0x12B)
[0620/143505.624:ERROR:process_memory_win.cc(73)] ReadMemory at 0x1afd762c610 of 60 bytes failed: Only part of a ReadProcessMemory or WriteProcessMemory request was completed. (0x12B)
[0620/143505.624:ERROR:process_memory_win.cc(73)] ReadMemory at 0x1afd762c7f0 of 64 bytes failed: Only part of a ReadProcessMemory or WriteProcessMemory request was completed. (0x12B)
[0620/143505.624:ERROR:process_memory_win.cc(73)] ReadMemory at 0x1afd762c8e0 of 64 bytes failed: Only part of a ReadProcessMemory or WriteProcessMemory request was completed. (0x12B)
[0620/143505.624:ERROR:process_memory_win.cc(73)] ReadMemory at 0x1afd762c930 of 62 bytes failed: Only part of a ReadProcessMemory or WriteProcessMemory request was completed. (0x12B)
[0620/143505.624:ERROR:process_memory_win.cc(73)] ReadMemory at 0x1afd762ca70 of 60 bytes failed: Only part of a ReadProcessMemory or WriteProcessMemory request was completed. (0x12B)
[0620/143505.624:ERROR:process_memory_win.cc(73)] ReadMemory at 0x1afd762cb10 of 62 bytes failed: Only part of a ReadProcessMemory or WriteProcessMemory request was completed. (0x12B)
[0620/143505.624:ERROR:process_memory_win.cc(73)] ReadMemory at 0x1afd762cb60 of 60 bytes failed: Only part of a ReadProcessMemory or WriteProcessMemory request was completed. (0x12B)
[0620/143505.624:ERROR:process_memory_win.cc(73)] ReadMemory at 0x1afd762cde0 of 62 bytes failed: Only part of a ReadProcessMemory or WriteProcessMemory request was completed. (0x12B)
[0620/143505.624:ERROR:process_memory_win.cc(73)] ReadMemory at 0x1afd762ce80 of 62 bytes failed: Only part of a ReadProcessMemory or WriteProcessMemory request was completed. (0x12B)
[0620/143505.624:ERROR:process_memory_win.cc(73)] ReadMemory at 0x1afd762ced0 of 62 bytes failed: Only part of a ReadProcessMemory or WriteProcessMemory request was completed. (0x12B)
[0620/143505.624:ERROR:process_memory_win.cc(73)] ReadMemory at 0x1afd762d110 of 132 bytes failed: Only part of a ReadProcessMemory or WriteProcessMemory request was completed. (0x12B)
[0620/143505.624:ERROR:process_memory_win.cc(73)] ReadMemory at 0x1afd762d240 of 132 bytes failed: Only part of a ReadProcessMemory or WriteProcessMemory request was completed. (0x12B)
[0620/143505.624:ERROR:process_memory_win.cc(73)] ReadMemory at 0x1afd762d4a0 of 132 bytes failed: Only part of a ReadProcessMemory or WriteProcessMemory request was completed. (0x12B)
[0620/143505.624:ERROR:process_memory_win.cc(73)] ReadMemory at 0x1afd762d700 of 132 bytes failed: Only part of a ReadProcessMemory or WriteProcessMemory request was completed. (0x12B)
[0620/143505.624:ERROR:process_memory_win.cc(73)] ReadMemory at 0x1afd762d960 of 132 bytes failed: Only part of a ReadProcessMemory or WriteProcessMemory request was completed. (0x12B)
[0620/143505.624:ERROR:process_memory_win.cc(73)] ReadMemory at 0x1afd762dcf0 of 132 bytes failed: Only part of a ReadProcessMemory or WriteProcessMemory request was completed. (0x12B)
[0620/143505.624:ERROR:process_memory_win.cc(73)] ReadMemory at 0x1afd762e080 of 132 bytes failed: Only part of a ReadProcessMemory or WriteProcessMemory request was completed. (0x12B)
[0620/143505.624:ERROR:process_memory_win.cc(73)] ReadMemory at 0x1afd762e1b0 of 132 bytes failed: Only part of a ReadProcessMemory or WriteProcessMemory request was completed. (0x12B)
[0620/143505.624:ERROR:process_memory_win.cc(73)] ReadMemory at 0x1afd762e540 of 132 bytes failed: Only part of a ReadProcessMemory or WriteProcessMemory request was completed. (0x12B)
[0620/143505.624:ERROR:process_memory_win.cc(73)] ReadMemory at 0x1afd762ed90 of 132 bytes failed: Only part of a ReadProcessMemory or WriteProcessMemory request was completed. (0x12B)
[0620/143505.624:ERROR:process_memory_win.cc(73)] ReadMemory at 0x1afd7647260 of 512 bytes failed: Only part of a ReadProcessMemory or WriteProcessMemory request was completed. (0x12B)
[0620/143505.624:ERROR:process_memory_win.cc(73)] ReadMemory at 0x1afd7648a10 of 512 bytes failed: Only part of a ReadProcessMemory or WriteProcessMemory request was completed. (0x12B)
[0620/143505.624:ERROR:process_memory_win.cc(73)] ReadMemory at 0x1afd764c420 of 512 bytes failed: Only part of a ReadProcessMemory or WriteProcessMemory request was completed. (0x12B)
[0620/143505.624:ERROR:process_memory_win.cc(73)] ReadMemory at 0x1afd7d01780 of 512 bytes failed: Only part of a ReadProcessMemory or WriteProcessMemory request was completed. (0x12B)
[0620/143505.624:ERROR:process_memory_win.cc(73)] ReadMemory at 0x1afd7da0000 of 384 bytes failed: Only part of a ReadProcessMemory or WriteProcessMemory request was completed. (0x12B)
[0620/143505.624:ERROR:process_memory_win.cc(73)] ReadMemory at 0x1afd7dde3a0 of 512 bytes failed: Only part of a ReadProcessMemory or WriteProcessMemory request was completed. (0x12B)
[0620/143505.624:ERROR:process_memory_win.cc(73)] ReadMemory at 0x1afd7de2260 of 512 bytes failed: Only part of a ReadProcessMemory or WriteProcessMemory request was completed. (0x12B)
[0620/143505.624:ERROR:process_memory_win.cc(73)] ReadMemory at 0x1afd7df7f80 of 512 bytes failed: Only part of a ReadProcessMemory or WriteProcessMemory request was completed. (0x12B)
[0620/143505.624:ERROR:process_memory_win.cc(73)] ReadMemory at 0x1afd7e0d140 of 512 bytes failed: Only part of a ReadProcessMemory or WriteProcessMemory request was completed. (0x12B)
[0620/143505.624:ERROR:process_memory_win.cc(73)] ReadMemory at 0x1afd7e0eb20 of 512 bytes failed: Only part of a ReadProcessMemory or WriteProcessMemory request was completed. (0x12B)
[0620/143505.624:ERROR:process_memory_win.cc(73)] ReadMemory at 0x1afd7e13240 of 712 bytes failed: Only part of a ReadProcessMemory or WriteProcessMemory request was completed. (0x12B)
[0620/143505.624:ERROR:process_memory_win.cc(73)] ReadMemory at 0x1afd7e76500 of 512 bytes failed: Only part of a ReadProcessMemory or WriteProcessMemory request was completed. (0x12B)
[0620/143505.624:ERROR:process_memory_win.cc(73)] ReadMemory at 0x1afd7e76840 of 512 bytes failed: Only part of a ReadProcessMemory or WriteProcessMemory request was completed. (0x12B)
[0620/143505.624:ERROR:process_memory_win.cc(73)] ReadMemory at 0x1afd94d34a0 of 512 bytes failed: Only part of a ReadProcessMemory or WriteProcessMemory request was completed. (0x12B)
[0620/143505.624:ERROR:process_memory_win.cc(73)] ReadMemory at 0x1afd94d8040 of 512 bytes failed: Only part of a ReadProcessMemory or WriteProcessMemory request was completed. (0x12B)
[0620/143505.624:ERROR:process_memory_win.cc(73)] ReadMemory at 0x1afd956bee0 of 512 bytes failed: Only part of a ReadProcessMemory or WriteProcessMemory request was completed. (0x12B)
[0620/143505.624:ERROR:process_memory_win.cc(73)] ReadMemory at 0x1afd9aa5eb0 of 512 bytes failed: Only part of a ReadProcessMemory or WriteProcessMemory request was completed. (0x12B)
[0620/143505.624:ERROR:process_memory_win.cc(73)] ReadMemory at 0x1afd9aaa470 of 512 bytes failed: Only part of a ReadProcessMemory or WriteProcessMemory request was completed. (0x12B)
[0620/143505.624:ERROR:process_memory_win.cc(73)] ReadMemory at 0x3f3870888dc8 of 512 bytes failed: Only part of a ReadProcessMemory or WriteProcessMemory request was completed. (0x12B)
[0620/143505.624:ERROR:process_memory_win.cc(73)] ReadMemory at 0x7ff8e2d029f0 of 512 bytes failed: Only part of a ReadProcessMemory or WriteProcessMemory request was completed. (0x12B)
[0620/143505.624:ERROR:process_memory_win.cc(73)] ReadMemory at 0x7ff8e2fe81ce of 512 bytes failed: Only part of a ReadProcessMemory or WriteProcessMemory request was completed. (0x12B)
[0620/143505.624:ERROR:process_memory_win.cc(73)] ReadMemory at 0x7ff8e322a128 of 512 bytes failed: Only part of a ReadProcessMemory or WriteProcessMemory request was completed. (0x12B)
[0620/143505.624:ERROR:process_memory_win.cc(73)] ReadMemory at 0x7ff8e35c8cdc of 512 bytes failed: Only part of a ReadProcessMemory or WriteProcessMemory request was completed. (0x12B)
[0620/143505.624:ERROR:process_memory_win.cc(73)] ReadMemory at 0x7ff8e44f67d1 of 512 bytes failed: Only part of a ReadProcessMemory or WriteProcessMemory request was completed. (0x12B)
[0620/143505.624:ERROR:process_memory_win.cc(73)] ReadMemory at 0x7ff8e797edeb of 512 bytes failed: Only part of a ReadProcessMemory or WriteProcessMemory request was completed. (0x12B)
[0620/143505.624:ERROR:process_memory_win.cc(73)] ReadMemory at 0x7ff8e862d5a0 of 512 bytes failed: Only part of a ReadProcessMemory or WriteProcessMemory request was completed. (0x12B)
[0620/143505.624:ERROR:process_memory_win.cc(73)] ReadMemory at 0x7ff8e874a568 of 512 bytes failed: Only part of a ReadProcessMemory or WriteProcessMemory request was completed. (0x12B)
[0620/143505.624:ERROR:process_memory_win.cc(73)] ReadMemory at 0x7ff8e8a47c38 of 512 bytes failed: Only part of a ReadProcessMemory or WriteProcessMemory request was completed. (0x12B)
[0620/143505.624:ERROR:process_memory_win.cc(73)] ReadMemory at 0x7ff95d13c074 of 672 bytes failed: Only part of a ReadProcessMemory or WriteProcessMemory request was completed. (0x12B)
[0620/143505.624:ERROR:process_memory_win.cc(73)] ReadMemory at 0x7ff95d13c674 of 512 bytes failed: Only part of a ReadProcessMemory or WriteProcessMemory request was completed. (0x12B)
[0620/143505.624:ERROR:process_memory_win.cc(73)] ReadMemory at 0x7ff95d13f924 of 608 bytes failed: Only part of a ReadProcessMemory or WriteProcessMemory request was completed. (0x12B)
[0620/143505.625:ERROR:process_memory_win.cc(73)] ReadMemory at 0x7ff95d1cc428 of 18 bytes failed: Only part of a ReadProcessMemory or WriteProcessMemory request was completed. (0x12B)
[0620/143505.625:ERROR:process_memory_win.cc(73)] ReadMemory at 0x7ff95d1ff4f8 of 40 bytes failed: Only part of a ReadProcessMemory or WriteProcessMemory request was completed. (0x12B)
[0620/143505.625:ERROR:process_memory_win.cc(73)] ReadMemory at 0x7ff95d1ff978 of 48 bytes failed: Only part of a ReadProcessMemory or WriteProcessMemory request was completed. (0x12B)
[0620/143505.625:ERROR:process_memory_win.cc(73)] ReadMemory at 0x7ff95d2053c0 of 64 bytes failed: Only part of a ReadProcessMemory or WriteProcessMemory request was completed. (0x12B)
[0620/143505.625:ERROR:scoped_process_suspend.cc(40)] NtResumeProcess: An attempt was made to access an exiting process. (0xc000010a)
